<?xml version="1.0" encoding="UTF-8"?>
<testng-results skipped="0" failed="0" total="1" passed="1">
  <reporter-output>
  </reporter-output>
  <suite name="Default suite" duration-ms="30686" started-at="2018-05-25T07:38:22Z" finished-at="2018-05-25T07:38:53Z">
    <groups>
    </groups>
    <test name="Default test" duration-ms="30686" started-at="2018-05-25T07:38:22Z" finished-at="2018-05-25T07:38:53Z">
      <class name="com.test.VerifyDashBoard">
        <test-method status="PASS" signature="i()[pri:0, instance:com.test.VerifyDashBoard@6767c1fc]" name="i" is-config="true" duration-ms="12050" started-at="2018-05-25T13:08:22Z" finished-at="2018-05-25T13:08:34Z">
          <reporter-output>
          </reporter-output>
        </test-method> <!-- i -->
        <test-method status="PASS" signature="initilize()[pri:0, instance:com.test.VerifyDashBoard@6767c1fc]" name="initilize" is-config="true" duration-ms="1" started-at="2018-05-25T13:08:37Z" finished-at="2018-05-25T13:08:37Z">
          <reporter-output>
          </reporter-output>
        </test-method> <!-- initilize -->
        <test-method status="PASS" signature="testDashBoard(java.lang.String, java.lang.String, java.lang.String, java.lang.String)[pri:0, instance:com.test.VerifyDashBoard@6767c1fc]" name="testDashBoard" duration-ms="15096" started-at="2018-05-25T13:08:37Z" data-provider="getData" finished-at="2018-05-25T13:08:52Z">
          <params>
            <param index="0">
              <value>
                <![CDATA[Ramesh]]>
              </value>
            </param>
            <param index="1">
              <value>
                <![CDATA[Admin]]>
              </value>
            </param>
            <param index="2">
              <value>
                <![CDATA[Ramesh]]>
              </value>
            </param>
            <param index="3">
              <value>
                <![CDATA[Enabled]]>
              </value>
            </param>
          </params>
          <reporter-output>
          </reporter-output>
        </test-method> <!-- testDashBoard -->
        <test-method status="PASS" signature="completeTest()[pri:0, instance:com.test.VerifyDashBoard@6767c1fc]" name="completeTest" is-config="true" duration-ms="1" started-at="2018-05-25T13:08:53Z" finished-at="2018-05-25T13:08:53Z">
          <reporter-output>
          </reporter-output>
        </test-method> <!-- completeTest -->
      </class> <!-- com.test.VerifyDashBoard -->
    </test> <!-- Default test -->
  </suite> <!-- Default suite -->
</testng-results>
